SF:lib\application\config\network\base_http_client.dart
DA:28,0
DA:33,0
DA:37,0
DA:38,0
DA:39,0
DA:41,0
DA:44,0
DA:45,0
DA:46,0
DA:49,0
DA:53,0
DA:54,0
DA:55,0
DA:56,0
DA:57,0
DA:58,0
DA:59,0
DA:60,0
DA:65,0
DA:66,0
DA:70,0
DA:74,0
DA:75,0
DA:76,0
DA:78,0
DA:80,0
DA:83,0
DA:87,0
DA:88,0
DA:89,0
DA:91,0
DA:93,0
LF:32
LH:0
end_of_record
SF:lib\infrastructure\auth\auth_repository.dart
DA:14,1
DA:19,1
DA:24,2
DA:26,1
DA:32,1
DA:33,2
DA:34,1
DA:35,3
DA:36,2
DA:41,0
DA:43,0
DA:44,0
DA:45,0
DA:48,0
DA:50,0
DA:51,0
DA:52,0
DA:53,0
LF:18
LH:9
end_of_record
SF:lib\application\auth\auth_provider.dart
DA:12,0
DA:13,0
DA:14,0
DA:15,0
DA:18,0
DA:19,0
DA:20,0
DA:21,0
DA:22,0
DA:29,0
DA:30,0
DA:31,0
DA:34,0
DA:36,0
DA:37,0
DA:39,0
DA:43,0
DA:48,0
DA:49,0
DA:53,0
DA:54,0
DA:55,0
DA:56,0
DA:57,0
DA:58,0
DA:59,0
DA:60,0
DA:64,0
DA:65,0
DA:72,0
DA:77,0
DA:78,0
DA:82,0
DA:83,0
DA:90,0
DA:91,0
LF:36
LH:0
end_of_record
SF:lib\infrastructure\auth\models\auth_state.dart
DA:10,0
DA:11,0
DA:13,0
DA:20,0
DA:26,0
DA:27,0
DA:28,0
DA:29,0
DA:30,0
DA:34,0
DA:35,0
LF:11
LH:0
end_of_record
SF:lib\shared\providers\http_provider.dart
DA:7,0
DA:9,0
LF:2
LH:0
end_of_record
SF:lib\shared\providers\storage_provider.dart
DA:5,0
DA:6,0
LF:2
LH:0
end_of_record
