SF:lib/application/auth/auth_provider.dart
DA:12,3
DA:13,0
DA:14,0
DA:15,0
DA:18,2
DA:19,2
DA:20,2
DA:21,3
DA:22,1
DA:29,1
DA:30,2
DA:31,1
DA:34,1
DA:36,3
DA:37,3
DA:39,1
DA:43,3
DA:46,1
DA:47,3
DA:48,2
DA:49,1
DA:50,1
DA:51,3
DA:53,1
DA:54,0
DA:55,1
DA:56,0
DA:60,1
DA:61,3
DA:68,3
DA:71,1
DA:72,3
DA:76,2
DA:77,3
DA:84,1
DA:85,3
LF:36
LH:31
end_of_record
SF:lib/infrastructure/auth/models/auth_state.dart
DA:10,0
DA:11,0
DA:13,1
DA:20,1
DA:26,1
DA:27,1
DA:28,1
DA:29,1
DA:30,1
DA:34,1
DA:35,1
LF:11
LH:9
end_of_record
SF:lib/shared/providers/storage_provider.dart
DA:5,3
DA:6,0
LF:2
LH:1
end_of_record
SF:lib/infrastructure/auth/auth_repository.dart
DA:14,1
DA:19,1
DA:24,2
DA:26,1
DA:32,1
DA:33,2
DA:34,1
DA:35,3
DA:36,2
DA:41,0
DA:43,0
DA:44,0
DA:45,0
DA:48,0
DA:50,0
DA:51,0
DA:52,0
DA:53,0
LF:18
LH:9
end_of_record
SF:lib/shared/providers/http_provider.dart
DA:7,0
DA:9,0
LF:2
LH:0
end_of_record
SF:lib/application/config/network/base_http_client.dart
DA:28,0
DA:33,0
DA:37,0
DA:38,0
DA:39,0
DA:41,0
DA:44,0
DA:45,0
DA:46,0
DA:49,0
DA:53,0
DA:54,0
DA:55,0
DA:56,0
DA:57,0
DA:58,0
DA:59,0
DA:60,0
DA:65,0
DA:66,0
DA:70,0
DA:74,0
DA:75,0
DA:76,0
DA:78,0
DA:80,0
DA:83,0
DA:87,0
DA:88,0
DA:89,0
DA:91,0
DA:93,0
LF:32
LH:0
end_of_record
SF:lib/application/cart/cart_provider.dart
DA:13,0
DA:14,0
DA:17,0
DA:18,0
DA:21,3
DA:22,0
DA:24,0
DA:27,2
DA:28,2
DA:29,2
DA:30,1
DA:36,1
DA:37,4
DA:38,1
DA:41,0
DA:42,0
DA:43,0
DA:44,0
DA:45,0
DA:49,0
DA:53,0
DA:54,0
DA:55,0
DA:56,0
DA:57,0
DA:58,0
DA:59,0
DA:60,0
DA:65,0
DA:71,0
DA:75,0
DA:76,0
DA:77,0
DA:78,0
DA:79,0
DA:84,0
DA:89,1
DA:90,2
DA:91,2
DA:92,0
DA:93,4
LF:41
LH:12
end_of_record
SF:lib/domain/cart/cart.dart
DA:15,1
DA:17,1
DA:18,1
DA:19,1
DA:23,0
DA:24,0
DA:27,0
DA:28,0
DA:29,0
DA:43,0
DA:49,0
DA:53,0
DA:58,0
DA:60,0
DA:61,0
DA:63,0
DA:65,0
LF:17
LH:4
end_of_record
SF:lib/domain/products/product.dart
DA:25,0
DA:27,0
DA:33,0
DA:36,0
LF:4
LH:0
end_of_record
SF:lib/infrastructure/cart/source/local/cart_db.dart
DA:22,0
DA:24,0
DA:28,0
DA:29,0
DA:30,0
DA:31,0
DA:32,0
DA:33,0
DA:34,0
DA:35,0
DA:36,0
DA:37,0
DA:38,0
DA:39,0
DA:40,0
DA:41,0
DA:42,0
DA:44,0
DA:45,0
DA:46,0
DA:48,0
DA:51,0
DA:55,0
DA:64,0
DA:66,0
DA:67,0
DA:70,0
DA:72,0
DA:73,0
DA:74,0
DA:75,0
DA:76,0
DA:77,0
DA:80,0
LF:34
LH:0
end_of_record
SF:lib/infrastructure/cart/cart_repository.dart
DA:15,0
DA:17,0
DA:19,0
DA:20,0
DA:21,0
DA:22,0
DA:24,0
DA:25,0
DA:27,0
DA:30,0
DA:33,0
DA:36,0
DA:38,0
DA:39,0
DA:40,0
DA:41,0
DA:43,0
DA:44,0
DA:46,0
DA:49,0
DA:51,0
DA:52,0
DA:53,0
DA:54,0
DA:56,0
DA:57,0
DA:59,0
DA:63,0
DA:66,0
DA:68,0
DA:71,0
DA:72,0
DA:73,0
DA:74,0
DA:75,0
DA:76,0
DA:77,0
DA:78,0
DA:79,0
DA:80,0
DA:81,0
DA:82,0
DA:83,0
DA:84,0
DA:85,0
DA:88,0
DA:91,0
DA:92,0
DA:94,0
LF:49
LH:0
end_of_record
SF:lib/shared/utils/formatter/currency_formatter.dart
DA:5,0
DA:6,0
DA:8,0
LF:3
LH:0
end_of_record
